<?xml version="1.0" encoding="UTF-8"?>
<testng-results ignored="0" total="1" passed="1" failed="0" skipped="0">
  <reporter-output>
  </reporter-output>
  <suite started-at="2021-11-23T20:19:20 IST" name="Default suite" finished-at="2021-11-23T20:19:23 IST" duration-ms="3405">
    <groups>
    </groups>
    <test started-at="2021-11-23T20:19:20 IST" name="Default test" finished-at="2021-11-23T20:19:23 IST" duration-ms="3405">
      <class name="restex1.RestExample">
        <test-method signature="testLogging()[pri:0, instance:restex1.RestExample@79b06cab]" started-at="2021-11-23T20:19:20 IST" name="testLogging" finished-at="2021-11-23T20:19:23 IST" duration-ms="3356" status="PASS">
          <reporter-output>
          </reporter-output>
        </test-method> <!-- testLogging -->
      </class> <!-- restex1.RestExample -->
    </test> <!-- Default test -->
  </suite> <!-- Default suite -->
</testng-results>
